Arguments: 
  /usr/local/bin/node /usr/local/bin/yarn upgrade

PATH: 
  /opt/metasploit-framework/bin:/usr/local/bin:/usr/bin:/bin:/usr/sbin:/sbin:/opt/X11/bin:/Applications/VMware Fusion.app/Contents/Public:/usr/local/share/dotnet:/Library/Frameworks/Mono.framework/Versions/Current/Commands:/Applications/Wireshark.app/Contents/MacOS

Yarn version: 
  1.5.1

Node version: 
  8.11.1

Platform: 
  darwin x64

npm manifest: 
  {
    "name": "backend",
    "version": "1.0.0",
    "description": "",
    "main": "src/index.js",
    "scripts": {
      "build": "babel src -d ./../build/backend --presets=es2015 && rm -r ./../build/backend/node_modules &&cp -r ./node_modules ./../build/backend/node_modules  && rm -r ./../build/backend/scripts",
      "start": "node ./../build/backend/index.js",
      "d": "node ./src/scripts/development.js",
      "test": "echo \"Error: no test specified\" && exit 1"
    },
    "author": "Sungmin Kim",
    "license": "ISC",
    "dependencies": {
      "bcryptjs": "^2.4.3",
      "body-parser": "^1.18.2",
      "connect-mongo": "^2.0.0",
      "express": "^4.16.0",
      "express-session": "^1.15.6",
      "mongoose": "^4.12.3",
      "morgan": "^1.9.0",
      "path": "^0.12.7",
      "schema-inspector": "^1.6.8"
    },
    "devDependencies": {
      "babel-core": "^6.26.0",
      "babel-preset-es2015": "^6.24.1",
      "nodemon": "^1.12.1"
    }
  }

yarn manifest: 
  No manifest

Lockfile: 
  No lockfile

Trace: 
  Error: No lockfile in this directory. Run `yarn install` to generate one.
      at new MessageError (/usr/local/lib/node_modules/yarn/lib/cli.js:186:110)
      at /usr/local/lib/node_modules/yarn/lib/cli.js:89389:13
      at <anonymous>
